[debug] [2026-07-02T06:26:18.382Z] ----------------------------------------------------------------------
[debug] [2026-07-02T06:26:18.384Z] Command:       /opt/homebrew/Cellar/node/25.2.1/bin/node /opt/homebrew/bin/firebase init
[debug] [2026-07-02T06:26:18.384Z] CLI Version:   15.1.0
[debug] [2026-07-02T06:26:18.384Z] Platform:      darwin
[debug] [2026-07-02T06:26:18.384Z] Node Version:  v25.2.1
[debug] [2026-07-02T06:26:18.384Z] Time:          Thu Jul 02 2026 11:56:18 GMT+0530 (India Standard Time)
[debug] [2026-07-02T06:26:18.384Z] ----------------------------------------------------------------------
[debug] 
[debug] [2026-07-02T06:26:18.384Z] >>> [apiv2][query] GET https://firebase-public.firebaseio.com/cli.json [none]
[info] 
     ######## #### ########  ######## ########     ###     ######  ########
     ##        ##  ##     ## ##       ##     ##  ##   ##  ##       ##
     ######    ##  ########  ######   ########  #########  ######  ######
     ##        ##  ##    ##  ##       ##     ## ##     ##       ## ##
     ##       #### ##     ## ######## ########  ##     ##  ######  ########

You're about to initialize a Firebase project in this directory:

  /Users/kalaimani/April - May Remuneration Claims Website

[debug] [2026-07-02T06:26:19.764Z] <<< [apiv2][status] GET https://firebase-public.firebaseio.com/cli.json 200
[debug] [2026-07-02T06:26:19.764Z] <<< [apiv2][body] GET https://firebase-public.firebaseio.com/cli.json {"cloudBuildErrorAfter":1594252800000,"cloudBuildWarnAfter":1590019200000,"defaultNode10After":1594252800000,"minVersion":"3.0.5","node8DeploysDisabledAfter":1613390400000,"node8RuntimeDisabledAfter":1615809600000,"node8WarnAfter":1600128000000}
[info] 
=== Project Setup
[info] 
[info] First, let's associate this project directory with a Firebase project.
[info] You can create multiple project aliases by running firebase use --add, 
[info] 
[debug] [2026-07-02T06:26:49.043Z] > command requires scopes: ["email","openid","https://www.googleapis.com/auth/cloudplatformprojects.readonly","https://www.googleapis.com/auth/firebase","https://www.googleapis.com/auth/cloud-platform"]
[debug] [2026-07-02T06:26:49.043Z] > authorizing via signed-in user (vijayarajhak@gmail.com)
[debug] [2026-07-02T06:26:49.044Z] Checked if tokens are valid: false, expires at: 1779473416841
[debug] [2026-07-02T06:26:49.044Z] Checked if tokens are valid: false, expires at: 1779473416841
[debug] [2026-07-02T06:26:49.045Z] > refreshing access token with scopes: []
[debug] [2026-07-02T06:26:49.045Z] >>> [apiv2][query] POST https://www.googleapis.com/oauth2/v3/token [none]
[debug] [2026-07-02T06:26:49.046Z] >>> [apiv2][body] POST https://www.googleapis.com/oauth2/v3/token [omitted]
[debug] [2026-07-02T06:26:49.240Z] <<< [apiv2][status] POST https://www.googleapis.com/oauth2/v3/token 200
[debug] [2026-07-02T06:26:49.240Z] <<< [apiv2][body] POST https://www.googleapis.com/oauth2/v3/token [omitted]
[debug] [2026-07-02T06:26:49.255Z] >>> [apiv2][query] GET https://firebase.googleapis.com/v1beta1/projects pageSize=100
[debug] [2026-07-02T06:26:50.239Z] <<< [apiv2][status] GET https://firebase.googleapis.com/v1beta1/projects 200
[debug] [2026-07-02T06:26:50.239Z] <<< [apiv2][body] GET https://firebase.googleapis.com/v1beta1/projects [omitted]
[debug] [2026-07-02T06:28:28.615Z] ----------------------------------------------------------------------
[debug] [2026-07-02T06:28:28.616Z] Command:       /opt/homebrew/Cellar/node/25.2.1/bin/node /opt/homebrew/bin/firebase init
[debug] [2026-07-02T06:28:28.616Z] CLI Version:   15.1.0
[debug] [2026-07-02T06:28:28.616Z] Platform:      darwin
[debug] [2026-07-02T06:28:28.616Z] Node Version:  v25.2.1
[debug] [2026-07-02T06:28:28.616Z] Time:          Thu Jul 02 2026 11:58:28 GMT+0530 (India Standard Time)
[debug] [2026-07-02T06:28:28.617Z] ----------------------------------------------------------------------
[debug] 
[info] 
     ######## #### ########  ######## ########     ###     ######  ########
     ##        ##  ##     ## ##       ##     ##  ##   ##  ##       ##
     ######    ##  ########  ######   ########  #########  ######  ######
     ##        ##  ##    ##  ##       ##     ## ##     ##       ## ##
     ##       #### ##     ## ######## ########  ##     ##  ######  ########

You're about to initialize a Firebase project in this directory:

  /Users/kalaimani/April - May Remuneration Claims Website

[info] 
=== Project Setup
[info] 
[info] First, let's associate this project directory with a Firebase project.
[info] You can create multiple project aliases by running firebase use --add, 
[info] 
[info] i  If you want to create a project in a Google Cloud organization or folder, please use "firebase projects:create" instead, and return to this command when you've created the project. 
[debug] [2026-07-02T06:28:36.170Z] > command requires scopes: ["email","openid","https://www.googleapis.com/auth/cloudplatformprojects.readonly","https://www.googleapis.com/auth/firebase","https://www.googleapis.com/auth/cloud-platform"]
[debug] [2026-07-02T06:28:36.170Z] > authorizing via signed-in user (vijayarajhak@gmail.com)
[debug] [2026-07-02T06:29:12.955Z] Checked if tokens are valid: true, expires at: 1782977208241
[debug] [2026-07-02T06:29:12.955Z] Checked if tokens are valid: true, expires at: 1782977208241
[debug] [2026-07-02T06:29:12.958Z] >>> [apiv2][query] POST https://firebase.googleapis.com/v1/projects:checkProjectId [none]
[debug] [2026-07-02T06:29:12.958Z] >>> [apiv2][body] POST https://firebase.googleapis.com/v1/projects:checkProjectId {"proposedId":"Remuneration claims form"}
[debug] [2026-07-02T06:29:13.543Z] <<< [apiv2][status] POST https://firebase.googleapis.com/v1/projects:checkProjectId 200
[debug] [2026-07-02T06:29:13.543Z] <<< [apiv2][body] POST https://firebase.googleapis.com/v1/projects:checkProjectId {"projectIdStatus":"PROJECT_ID_NOT_VALID","suggestedProjectId":"remuneration-claims-form"}
[debug] [2026-07-02T06:29:40.725Z] Checked if tokens are valid: true, expires at: 1782977208241
[debug] [2026-07-02T06:29:40.726Z] Checked if tokens are valid: true, expires at: 1782977208241
[debug] [2026-07-02T06:29:40.726Z] >>> [apiv2][query] POST https://firebase.googleapis.com/v1/projects:checkProjectId [none]
[debug] [2026-07-02T06:29:40.726Z] >>> [apiv2][body] POST https://firebase.googleapis.com/v1/projects:checkProjectId {"proposedId":"Remuneration-claims-form"}
[debug] [2026-07-02T06:29:41.244Z] <<< [apiv2][status] POST https://firebase.googleapis.com/v1/projects:checkProjectId 200
[debug] [2026-07-02T06:29:41.244Z] <<< [apiv2][body] POST https://firebase.googleapis.com/v1/projects:checkProjectId {"projectIdStatus":"PROJECT_ID_NOT_VALID","suggestedProjectId":"remuneration-claims-form"}
[debug] [2026-07-02T06:29:47.172Z] Checked if tokens are valid: true, expires at: 1782977208241
[debug] [2026-07-02T06:29:47.172Z] Checked if tokens are valid: true, expires at: 1782977208241
[debug] [2026-07-02T06:29:47.173Z] >>> [apiv2][query] POST https://firebase.googleapis.com/v1/projects:checkProjectId [none]
[debug] [2026-07-02T06:29:47.173Z] >>> [apiv2][body] POST https://firebase.googleapis.com/v1/projects:checkProjectId {"proposedId":"Remuneration-claims-form."}
[debug] [2026-07-02T06:29:47.384Z] <<< [apiv2][status] POST https://firebase.googleapis.com/v1/projects:checkProjectId 400
[debug] [2026-07-02T06:29:47.384Z] <<< [apiv2][body] POST https://firebase.googleapis.com/v1/projects:checkProjectId {"error":{"code":400,"message":"Request contains an invalid argument.","status":"INVALID_ARGUMENT"}}
[debug] [2026-07-02T06:29:47.386Z] Couldn't check if project ID Remuneration-claims-form. is available. Original error: FirebaseError: Failed to check if project ID is available. See firebase-debug.log for more info.
[debug] [2026-07-02T06:29:53.816Z] Checked if tokens are valid: true, expires at: 1782977208241
[debug] [2026-07-02T06:29:53.816Z] Checked if tokens are valid: true, expires at: 1782977208241
[debug] [2026-07-02T06:29:53.816Z] >>> [apiv2][query] POST https://cloudresourcemanager.googleapis.com/v1/projects [none]
[debug] [2026-07-02T06:29:53.816Z] >>> [apiv2][body] POST https://cloudresourcemanager.googleapis.com/v1/projects {"projectId":"Remuneration-claims-form.","name":"Remuneration-claims-form."}
[debug] [2026-07-02T06:29:55.625Z] <<< [apiv2][status] POST https://cloudresourcemanager.googleapis.com/v1/projects 400
[debug] [2026-07-02T06:29:55.625Z] <<< [apiv2][body] POST https://cloudresourcemanager.googleapis.com/v1/projects {"error":{"code":400,"message":"Request contains an invalid argument.","status":"INVALID_ARGUMENT","details":[{"@type":"type.googleapis.com/google.rpc.BadRequest","fieldViolations":[{"field":"project_id","description":"project_id contains invalid characters"},{"field":"display_name","description":"project display name contains invalid characters"}]},{"@type":"type.googleapis.com/google.rpc.Help","links":[{"url":"https://cloud.google.com/resource-manager/reference/rest/v1/projects"}]}]}}
[debug] [2026-07-02T06:29:55.952Z] FirebaseError: Request to https://cloudresourcemanager.googleapis.com/v1/projects had HTTP Error: 400, Request contains an invalid argument.
    at responseToError (/opt/homebrew/Cellar/firebase-cli/15.1.0/libexec/lib/node_modules/firebase-tools/lib/responseToError.js:53:12)
    at RetryOperation._fn (/opt/homebrew/Cellar/firebase-cli/15.1.0/libexec/lib/node_modules/firebase-tools/lib/apiv2.js:322:77)
    at process.processTicksAndRejections (node:internal/process/task_queues:103:5)
[error] 
[error] Error: Failed to create project. See firebase-debug.log for more info.
[debug] [2026-07-02T06:30:10.024Z] ----------------------------------------------------------------------
[debug] [2026-07-02T06:30:10.026Z] Command:       /opt/homebrew/Cellar/node/25.2.1/bin/node /opt/homebrew/bin/firebase init
[debug] [2026-07-02T06:30:10.026Z] CLI Version:   15.1.0
[debug] [2026-07-02T06:30:10.026Z] Platform:      darwin
[debug] [2026-07-02T06:30:10.026Z] Node Version:  v25.2.1
[debug] [2026-07-02T06:30:10.026Z] Time:          Thu Jul 02 2026 12:00:10 GMT+0530 (India Standard Time)
[debug] [2026-07-02T06:30:10.026Z] ----------------------------------------------------------------------
[debug] 
[info] 
     ######## #### ########  ######## ########     ###     ######  ########
     ##        ##  ##     ## ##       ##     ##  ##   ##  ##       ##
     ######    ##  ########  ######   ########  #########  ######  ######
     ##        ##  ##    ##  ##       ##     ## ##     ##       ## ##
     ##       #### ##     ## ######## ########  ##     ##  ######  ########

You're about to initialize a Firebase project in this directory:

  /Users/kalaimani/April - May Remuneration Claims Website

[info] 
=== Project Setup
[info] 
[info] First, let's associate this project directory with a Firebase project.
[info] You can create multiple project aliases by running firebase use --add, 
[info] 
[debug] [2026-07-02T06:30:18.159Z] > command requires scopes: ["email","openid","https://www.googleapis.com/auth/cloudplatformprojects.readonly","https://www.googleapis.com/auth/firebase","https://www.googleapis.com/auth/cloud-platform"]
[debug] [2026-07-02T06:30:18.160Z] > authorizing via signed-in user (vijayarajhak@gmail.com)
[debug] [2026-07-02T06:30:18.161Z] Checked if tokens are valid: true, expires at: 1782977208241
[debug] [2026-07-02T06:30:18.161Z] Checked if tokens are valid: true, expires at: 1782977208241
[debug] [2026-07-02T06:30:18.163Z] >>> [apiv2][query] GET https://firebase.googleapis.com/v1beta1/projects pageSize=100
[debug] [2026-07-02T06:30:19.798Z] <<< [apiv2][status] GET https://firebase.googleapis.com/v1beta1/projects 200
[debug] [2026-07-02T06:30:19.798Z] <<< [apiv2][body] GET https://firebase.googleapis.com/v1beta1/projects [omitted]
[debug] [2026-07-02T06:30:31.202Z] ----------------------------------------------------------------------
[debug] [2026-07-02T06:30:31.204Z] Command:       /opt/homebrew/Cellar/node/25.2.1/bin/node /opt/homebrew/bin/firebase init
[debug] [2026-07-02T06:30:31.204Z] CLI Version:   15.1.0
[debug] [2026-07-02T06:30:31.204Z] Platform:      darwin
[debug] [2026-07-02T06:30:31.204Z] Node Version:  v25.2.1
[debug] [2026-07-02T06:30:31.204Z] Time:          Thu Jul 02 2026 12:00:31 GMT+0530 (India Standard Time)
[debug] [2026-07-02T06:30:31.204Z] ----------------------------------------------------------------------
[debug] 
[info] 
     ######## #### ########  ######## ########     ###     ######  ########
     ##        ##  ##     ## ##       ##     ##  ##   ##  ##       ##
     ######    ##  ########  ######   ########  #########  ######  ######
     ##        ##  ##    ##  ##       ##     ## ##     ##       ## ##
     ##       #### ##     ## ######## ########  ##     ##  ######  ########

You're about to initialize a Firebase project in this directory:

  /Users/kalaimani/April - May Remuneration Claims Website

[info] 
=== Project Setup
[info] 
[info] First, let's associate this project directory with a Firebase project.
[info] You can create multiple project aliases by running firebase use --add, 
[info] 
[info] i  If you want to create a project in a Google Cloud organization or folder, please use "firebase projects:create" instead, and return to this command when you've created the project. 
[debug] [2026-07-02T06:30:42.474Z] > command requires scopes: ["email","openid","https://www.googleapis.com/auth/cloudplatformprojects.readonly","https://www.googleapis.com/auth/firebase","https://www.googleapis.com/auth/cloud-platform"]
[debug] [2026-07-02T06:30:42.474Z] > authorizing via signed-in user (vijayarajhak@gmail.com)
[debug] [2026-07-02T06:30:56.912Z] Checked if tokens are valid: true, expires at: 1782977208241
[debug] [2026-07-02T06:30:56.912Z] Checked if tokens are valid: true, expires at: 1782977208241
[debug] [2026-07-02T06:30:56.914Z] >>> [apiv2][query] POST https://firebase.googleapis.com/v1/projects:checkProjectId [none]
[debug] [2026-07-02T06:30:56.915Z] >>> [apiv2][body] POST https://firebase.googleapis.com/v1/projects:checkProjectId {"proposedId":"Remuneration-claim"}
[debug] [2026-07-02T06:30:57.479Z] <<< [apiv2][status] POST https://firebase.googleapis.com/v1/projects:checkProjectId 200
[debug] [2026-07-02T06:30:57.479Z] <<< [apiv2][body] POST https://firebase.googleapis.com/v1/projects:checkProjectId {"projectIdStatus":"PROJECT_ID_NOT_VALID","suggestedProjectId":"remuneration-claim"}
[debug] [2026-07-02T06:31:00.142Z] Checked if tokens are valid: true, expires at: 1782977208241
[debug] [2026-07-02T06:31:00.143Z] Checked if tokens are valid: true, expires at: 1782977208241
[debug] [2026-07-02T06:31:00.143Z] >>> [apiv2][query] POST https://firebase.googleapis.com/v1/projects:checkProjectId [none]
[debug] [2026-07-02T06:31:00.143Z] >>> [apiv2][body] POST https://firebase.googleapis.com/v1/projects:checkProjectId {"proposedId":"Remuneration-claim."}
[debug] [2026-07-02T06:31:00.270Z] <<< [apiv2][status] POST https://firebase.googleapis.com/v1/projects:checkProjectId 400
[debug] [2026-07-02T06:31:00.270Z] <<< [apiv2][body] POST https://firebase.googleapis.com/v1/projects:checkProjectId {"error":{"code":400,"message":"Request contains an invalid argument.","status":"INVALID_ARGUMENT"}}
[debug] [2026-07-02T06:31:00.271Z] Couldn't check if project ID Remuneration-claim. is available. Original error: FirebaseError: Failed to check if project ID is available. See firebase-debug.log for more info.
[debug] [2026-07-02T06:31:02.251Z] Checked if tokens are valid: true, expires at: 1782977208241
[debug] [2026-07-02T06:31:02.251Z] Checked if tokens are valid: true, expires at: 1782977208241
[debug] [2026-07-02T06:31:02.251Z] >>> [apiv2][query] POST https://cloudresourcemanager.googleapis.com/v1/projects [none]
[debug] [2026-07-02T06:31:02.251Z] >>> [apiv2][body] POST https://cloudresourcemanager.googleapis.com/v1/projects {"projectId":"Remuneration-claim.","name":"Remuneration-claim."}
[debug] [2026-07-02T06:31:03.926Z] <<< [apiv2][status] POST https://cloudresourcemanager.googleapis.com/v1/projects 400
[debug] [2026-07-02T06:31:03.926Z] <<< [apiv2][body] POST https://cloudresourcemanager.googleapis.com/v1/projects {"error":{"code":400,"message":"Request contains an invalid argument.","status":"INVALID_ARGUMENT","details":[{"@type":"type.googleapis.com/google.rpc.BadRequest","fieldViolations":[{"field":"project_id","description":"project_id contains invalid characters"},{"field":"display_name","description":"project display name contains invalid characters"}]},{"@type":"type.googleapis.com/google.rpc.Help","links":[{"url":"https://cloud.google.com/resource-manager/reference/rest/v1/projects"}]}]}}
[debug] [2026-07-02T06:31:04.262Z] FirebaseError: Request to https://cloudresourcemanager.googleapis.com/v1/projects had HTTP Error: 400, Request contains an invalid argument.
    at responseToError (/opt/homebrew/Cellar/firebase-cli/15.1.0/libexec/lib/node_modules/firebase-tools/lib/responseToError.js:53:12)
    at RetryOperation._fn (/opt/homebrew/Cellar/firebase-cli/15.1.0/libexec/lib/node_modules/firebase-tools/lib/apiv2.js:322:77)
    at process.processTicksAndRejections (node:internal/process/task_queues:103:5)
[error] 
[error] Error: Failed to create project. See firebase-debug.log for more info.
